# JRE version: Java(TM) SE Runtime Environment (17.0+35) (build 17+35-LTS-2724)
# Java VM: Java HotSpot(TM) 64-Bit Server VM (17+35-LTS-2724, mixed mode, sharing, tiered, compressed oops, compressed class ptrs, g1 gc, bsd-amd64)
GC Precious Log:
 CPUs: 4 total, 4 available
 Memory: 8192M
 Large Page Support: Disabled
 NUMA Support: Disabled
 Compressed Oops: Enabled (Zero based)
 Heap Region Size: 1M
 Heap Min Capacity: 8M
 Heap Initial Capacity: 128M
 Heap Max Capacity: 2G
 Pre-touch: Disabled
 Parallel Workers: 4
 Concurrent Workers: 1
 Concurrent Refinement Workers: 4
 Periodic GC: Disabled
Heap:
 garbage-first heap   total 133120K, used 47807K [0x0000000780000000, 0x0000000800000000)
  region size 1024K, 42 young (43008K), 10 survivors (10240K)
 Metaspace       used 10691K, committed 10880K, reserved 1064960K
  class space    used 1044K, committed 1152K, reserved 1048576K
GC Heap History (6 events):
Event: 0.968 GC heap before
{Heap before GC invocations=0 (full 0):
 garbage-first heap   total 133120K, used 14292K [0x0000000780000000, 0x0000000800000000)
  region size 1024K, 13 young (13312K), 0 survivors (0K)
 Metaspace       used 3865K, committed 3968K, reserved 1056768K
  class space    used 362K, committed 384K, reserved 1048576K
}
Event: 0.970 GC heap after
{Heap after GC invocations=1 (full 0):
 garbage-first heap   total 133120K, used 2473K [0x0000000780000000, 0x0000000800000000)
  region size 1024K, 2 young (2048K), 2 survivors (2048K)
 Metaspace       used 3865K, committed 3968K, reserved 1056768K
  class space    used 362K, committed 384K, reserved 1048576K
}
Event: 1.744 GC heap before
{Heap before GC invocations=1 (full 0):
 garbage-first heap   total 133120K, used 26025K [0x0000000780000000, 0x0000000800000000)
  region size 1024K, 26 young (26624K), 2 survivors (2048K)
 Metaspace       used 6949K, committed 7104K, reserved 1056768K
  class space    used 657K, committed 704K, reserved 1048576K
}
Event: 1.746 GC heap after
{Heap after GC invocations=2 (full 0):
 garbage-first heap   total 133120K, used 2949K [0x0000000780000000, 0x0000000800000000)
  region size 1024K, 2 young (2048K), 2 survivors (2048K)
 Metaspace       used 6949K, committed 7104K, reserved 1056768K
  class space    used 657K, committed 704K, reserved 1048576K
}
Event: 36.448 GC heap before
{Heap before GC invocations=2 (full 0):
 garbage-first heap   total 133120K, used 78725K [0x0000000780000000, 0x0000000800000000)
  region size 1024K, 76 young (77824K), 2 survivors (2048K)
 Metaspace       used 9887K, committed 10048K, reserved 1064960K
  class space    used 939K, committed 1024K, reserved 1048576K
}
Event: 36.466 GC heap after
{Heap after GC invocations=3 (full 0):
 garbage-first heap   total 133120K, used 16063K [0x0000000780000000, 0x0000000800000000)
  region size 1024K, 10 young (10240K), 10 survivors (10240K)
 Metaspace       used 9887K, committed 10048K, reserved 1064960K
  class space    used 939K, committed 1024K, reserved 1048576K
}

